<?xml version="1.0" encoding="UTF-8"?>
<!-- Generated by org.testng.reporters.JUnitReportReporter -->
<testsuite name="testscripts.NotificationExperienceTest" tests="3" time="259.975" ignored="0" failures="0" timestamp="07 Aug 2023 05:58:58 GMT" skipped="0" hostname="DESKTOP-FCMJ0C3" errors="0">
  <testcase name="NotificationTest_03" time="63.310" classname="testscripts.NotificationExperienceTest"/>
  <testcase name="NotificationTest_02" time="64.311" classname="testscripts.NotificationExperienceTest"/>
  <testcase name="NotificationTest_01" time="132.354" classname="testscripts.NotificationExperienceTest"/>
</testsuite> <!-- testscripts.NotificationExperienceTest -->
